<?xml version="1.0" encoding="UTF-8"?>
<testsuite xmlns:xsi="http://www.w3.org/2001/XMLSchema-instance" xsi:noNamespaceSchemaLocation="https://maven.apache.org/surefire/maven-surefire-plugin/xsd/surefire-test-report-3.0.xsd" version="3.0" name="TestSuite" time="23.351" tests="2" errors="0" skipped="0" failures="0">
  <properties>
[...]
</properties>
  <testcase name="verify_account_registration" classname="testCases.TC_001_AccountRegistrationTest" time="6.836">
    <system-out><![CDATA[14:29:01.930 [main] DEBUG org.testng.TestNG - suiteXmlPath: "C:\Users\sadiy\Desktop\EclipseprojectWorkspace\opencart\masterAllTests.xml"
14:29:05.861 [main] INFO  testCases.TC_001_AccountRegistrationTest - ********** starting test TC_001_AccountRegistrationTest *******
14:29:06.028 [main] INFO  testCases.TC_001_AccountRegistrationTest - Clicked on MyAccount link
14:29:06.438 [main] INFO  testCases.TC_001_AccountRegistrationTest - Clicked on Registration link
14:29:06.438 [main] INFO  testCases.TC_001_AccountRegistrationTest - Entering customer details..
14:29:09.546 [main] INFO  testCases.TC_001_AccountRegistrationTest - Clicked on Continue
Your Account Has Been Created!
14:29:12.656 [main] INFO  testCases.TC_001_AccountRegistrationTest - test passed
14:29:12.663 [main] INFO  testCases.TC_001_AccountRegistrationTest - ******** Finished TC_001_AccountRegistrationTest execution
]]></system-out>
  </testcase>
  <testcase name="verify_login" classname="testCases.TC_002_LoginTest" time="7.449">
    <system-out><![CDATA[14:29:15.383 [main] INFO  testCases.TC_002_LoginTest - ******  Staring TC_002_LoginTest ********
14:29:15.719 [main] INFO  testCases.TC_002_LoginTest - Clicked on MyAccount link on Home page
14:29:16.104 [main] INFO  testCases.TC_002_LoginTest - clicked on login link under MyAccount
14:29:16.105 [main] INFO  testCases.TC_002_LoginTest - entering username and password
14:29:19.703 [main] INFO  testCases.TC_002_LoginTest - clicked login button
The heading of the page is: My Account
14:29:22.830 [main] INFO  testCases.TC_002_LoginTest - test case passed
14:29:22.830 [main] INFO  testCases.TC_002_LoginTest - ****** Fininshed TC_002_LoginTest ********
]]></system-out>
  </testcase>
</testsuite>