<?xml version="1.0" encoding="UTF-8"?>
<!-- Generated by org.testng.reporters.JUnitReportReporter -->
<testsuite hostname="LAPTOP-5NDPDKJ3" failures="0" tests="3" name="testCases.TC_001_AccountRegistrationTest" time="20.543" errors="0" timestamp="2024-02-03T14:00:18 IST" skipped="0">
  <testcase classname="testCases.TC_001_AccountRegistrationTest" name="verify_account_registration" time="7.192"/>
  <system-out/>
  <testcase classname="testCases.TC_001_AccountRegistrationTest" name="verify_account_registration" time="6.494"/>
  <system-out/>
  <testcase classname="testCases.TC_001_AccountRegistrationTest" name="verify_account_registration" time="6.857"/>
  <system-out/>
</testsuite> <!-- testCases.TC_001_AccountRegistrationTest -->
